<?xml version="1.0" encoding="UTF-8"?>
<!-- Generated by org.testng.reporters.JUnitReportReporter -->
<testsuite hostname="LAPTOP-JKRBLPFM" failures="0" tests="1" name="com.TestCases.LoginTestCase" time="5.652" errors="0" timestamp="2021-09-30T15:07:40 IST" skipped="0">
  <testcase classname="com.TestCases.LoginTestCase" name="login" time="5.652"/>
  <system-out/>
</testsuite> <!-- com.TestCases.LoginTestCase -->
