<?xml version="1.0" encoding="UTF-8"?>
<!-- Generated by org.testng.reporters.JUnitReportReporter -->
<testsuite hostname="LAPTOP-JKRBLPFM" failures="0" tests="1" name="com.TestCases.DashBoardTestCase" time="7.320" errors="0" timestamp="2021-09-30T15:16:47 IST" skipped="0">
  <testcase classname="com.TestCases.DashBoardTestCase" name="login" time="7.320"/>
  <system-out/>
</testsuite> <!-- com.TestCases.DashBoardTestCase -->
